Strip down plutip to plutip-core

This change leaves plutip as a tool for spawning local clusters, 
removing all the testing functionalities for testing contracts.

 - remove functionality to run test contracts
 - sync deps to cardano-node-1.35.4
 - remove BPI and plutus-apps from deps
 - remove setup for BPI from cluster setup
 - refactor cluster setup
 - new: withCluster (previously withPlutusInterface), withFundedCluster

Add cluster startup tests
Fix imports
Move modules
Rename moved modules
Move modules
Remove Contract tests
Refactor plutip-server executable
Remove Wallet module
Refactor local-cluster executable
Add withFundedCluster
Refactor KeyPair functionality
wip
Split PoolConfigs into module
Remove Contract.Init
Fix
WIP simplify cluster launch
Restore withLoggingNamed
Compile executables
Remove Plutip.Contract
Cluster module build
Deps build, plutip doesn't yet
Nix builds (stops in plutip), cabal wrong deps (?)
Unlist removed cardano-wallet modules
Add cardano-wallet for 1.35.4 and cardano-addresses
Beginning: Empty deps.
